\BOOKMARK [0][-]{part.1}{\376\377\173\054\116\000\220\350\122\006\000\040\133\236\145\160\127\372\147\054\133\232\164\006\116\016\147\201\226\120}{}% 1
\BOOKMARK [1][-]{section.1}{\376\377\133\236\145\160\166\204\133\232\116\111}{part.1}% 2
\BOOKMARK [2][-]{subsection.1.1}{\376\377\201\352\161\066\145\160\116\016\121\166\133\232\116\111}{section.1}% 3
\BOOKMARK [3][-]{subsubsection.1.1.1}{\376\377\201\352\161\066\145\160\166\204\133\232\116\111}{subsection.1.1}% 4
\BOOKMARK [2][-]{subsection.1.2}{\376\377\133\236\145\160\166\204\133\232\116\111}{section.1}% 5
\BOOKMARK [2][-]{subsection.1.3}{\376\377\133\236\145\160\127\372\147\054\133\232\164\006}{section.1}% 6
\BOOKMARK [1][-]{section.2}{\376\377\145\160\122\027\147\201\226\120\116\016\166\370\121\163\213\241\173\227}{part.1}% 7
\BOOKMARK [2][-]{subsection.2.1}{\376\377\145\160\122\027\147\201\226\120\116\016\166\370\121\163\213\241\173\227}{section.2}% 8
\BOOKMARK [1][-]{section.3}{\376\377\121\375\145\160\147\201\226\120\060\001\217\336\176\355\166\370\121\163\133\232\164\006}{part.1}% 9
\BOOKMARK [2][-]{subsection.3.1}{\376\377\121\375\145\160\147\201\226\120}{section.3}% 10
\BOOKMARK [2][-]{subsection.3.2}{\376\377\217\336\176\355\121\375\145\160\116\016\225\364\145\255}{section.3}% 11
\BOOKMARK [0][-]{part.2}{\376\377\173\054\116\214\220\350\122\006\000\040\137\256\122\006\116\016\171\357\122\006}{}% 12
\BOOKMARK [1][-]{section.4}{\376\377\121\375\145\160\137\256\122\006\060\001\133\374\145\160\166\370\121\163\133\232\164\006}{part.2}% 13
\BOOKMARK [2][-]{subsection.4.1}{\376\377\133\374\145\160\127\372\147\054\140\047\215\050\116\016\116\055\120\074\133\232\164\006}{section.4}% 14
\BOOKMARK [3][-]{subsubsection.4.1.1}{\376\377\116\055\120\074\133\232\164\006}{subsection.4.1}% 15
\BOOKMARK [3][-]{subsubsection.4.1.2}{\376\377\133\374\121\375\145\160\166\204\140\047\215\050}{subsection.4.1}% 16
\BOOKMARK [2][-]{subsection.4.2}{\376\377\000T\000a\000y\000l\000o\000r\000\040\121\154\137\017}{section.4}% 17
\BOOKMARK [3][-]{subsubsection.4.2.1}{\376\377\143\250\133\374\116\016\213\301\146\016}{subsection.4.2}% 18
\BOOKMARK [2][-]{subsection.4.3}{\376\377\121\370\121\375\145\160\116\016\000\040\000L\000i\000p\000s\000c\000h\000i\000t\000z\000\040\147\141\116\366}{section.4}% 19
\BOOKMARK [3][-]{subsubsection.4.3.1}{\376\377\121\370\121\375\145\160\116\016\116\214\226\066\133\374\166\204\121\163\174\373}{subsection.4.3}% 20
\BOOKMARK [3][-]{subsubsection.4.3.2}{\376\377\000L\000i\000p\000s\000c\000h\000i\000t\000z\000\040\147\141\116\366}{subsection.4.3}% 21
\BOOKMARK [3][-]{subsubsection.4.3.3}{\376\377\137\000\123\072\225\364\116\012\166\204\121\370\121\375\145\160}{subsection.4.3}% 22
\BOOKMARK [3][-]{subsubsection.4.3.4}{\376\377\166\370\121\163\116\015\173\111\137\017}{subsection.4.3}% 23
\BOOKMARK [1][-]{section.5}{\376\377\121\375\145\160\116\015\133\232\171\357\122\006\060\001\133\232\171\357\122\006\166\370\121\163\133\232\164\006}{part.2}% 24
\BOOKMARK [2][-]{subsection.5.1}{\376\377\116\015\133\232\171\357\122\006}{section.5}% 25
\BOOKMARK [3][-]{subsubsection.5.1.1}{\376\377\213\241\173\227\213\241\135\347}{subsection.5.1}% 26
\BOOKMARK [3][-]{subsubsection.5.1.2}{\376\377\116\000\116\233\117\213\230\230}{subsection.5.1}% 27
\BOOKMARK [2][-]{subsection.5.2}{\376\377\133\232\171\357\122\006}{section.5}% 28
\BOOKMARK [3][-]{subsubsection.5.2.1}{\376\377\133\232\171\357\122\006\166\204\133\232\116\111\116\016\000\040\000D\000a\000r\000b\000o\000u\000x\000\040\124\214}{subsection.5.2}% 29
\BOOKMARK [3][-]{subsubsection.5.2.2}{\376\377\133\232\171\357\122\006\133\130\127\050\166\204\121\105\211\201\147\141\116\366\000\040\040\024\000-\000\040\000D\000a\000r\000b\000o\000u\000x\000\040\133\232\164\006}{subsection.5.2}% 30
\BOOKMARK [3][-]{subsubsection.5.2.3}{\376\377\133\232\171\357\122\006\133\130\127\050\166\204\121\105\211\201\147\141\116\366\000\040\040\024\000-\000\040\000L\000e\000b\000e\000s\000g\000u\000e\000\040\122\044\122\053\154\325}{subsection.5.2}% 31
\BOOKMARK [3][-]{subsubsection.5.2.4}{\376\377\171\357\122\006\116\055\120\074\133\232\164\006\116\016\137\256\171\357\122\006\127\372\147\054\133\232\164\006}{subsection.5.2}% 32
\BOOKMARK [3][-]{subsubsection.5.2.5}{\376\377\171\357\122\006\116\015\173\111\137\017}{subsection.5.2}% 33
\BOOKMARK [3][-]{subsubsection.5.2.6}{\376\377\147\011\121\163\123\357\154\102\225\177\146\362\176\277}{subsection.5.2}% 34
\BOOKMARK [2][-]{subsection.5.3}{\376\377\136\177\116\111\171\357\122\006}{section.5}% 35
\BOOKMARK [3][-]{subsubsection.5.3.1}{\376\377\145\340\172\167\171\357\122\006\124\214\164\125\171\357\122\006\166\204\133\232\116\111}{subsection.5.3}% 36
\BOOKMARK [3][-]{subsubsection.5.3.2}{\376\377\136\177\116\111\171\357\122\006\145\133\145\143\140\047\166\204\122\044\122\053\154\325}{subsection.5.3}% 37
\BOOKMARK [0][-]{part.3}{\376\377\173\054\116\011\220\350\122\006\000\040\176\247\145\160}{}% 38
\BOOKMARK [1][-]{section.6}{\376\377\145\160\230\171\176\247\145\160}{part.3}% 39
\BOOKMARK [2][-]{subsection.6.1}{\376\377\133\232\116\111\116\016\127\372\147\054\140\047\215\050}{section.6}% 40
\BOOKMARK [2][-]{subsection.6.2}{\376\377\153\143\230\171\176\247\145\160}{section.6}% 41
\BOOKMARK [3][-]{subsubsection.6.2.1}{\376\377\116\012\116\013\147\201\226\120\166\204\133\232\116\111\116\016\140\047\215\050}{subsection.6.2}% 42
\BOOKMARK [3][-]{subsubsection.6.2.2}{\376\377\153\143\230\171\176\247\145\160\145\133\145\143\140\047\166\204\122\044\122\053\154\325}{subsection.6.2}% 43
\BOOKMARK [2][-]{subsection.6.3}{\376\377\116\373\141\017\230\171\176\247\145\160}{section.6}% 44
\BOOKMARK [3][-]{subsubsection.6.3.1}{\376\377\127\372\147\054\140\047\215\050}{subsection.6.3}% 45
\BOOKMARK [3][-]{subsubsection.6.3.2}{\376\377\000L\000e\000i\000b\000n\000i\000z\000\040\122\044\122\053\154\325}{subsection.6.3}% 46
\BOOKMARK [3][-]{subsubsection.6.3.3}{\376\377\000A\000b\000e\000l\000\040\122\044\122\053\154\325\116\016\000\040\000D\000i\000r\000i\000c\000h\000l\000e\000t\000\040\122\044\122\053\154\325}{subsection.6.3}% 47
