\BOOKMARK [0][-]{part.1}{\376\377\173\054\116\000\220\350\122\006\000\040\151\202\163\207\213\272}{}% 1
\BOOKMARK [1][-]{section.1}{\376\377\226\217\147\072\123\330\221\317}{part.1}% 2
\BOOKMARK [2][-]{subsection.1.1}{\376\377\226\217\147\072\123\330\221\317\166\204\145\160\120\074\140\047\215\050}{section.1}% 3
\BOOKMARK [2][-]{subsection.1.2}{\376\377\131\047\145\160\133\232\137\213}{section.1}% 4
\BOOKMARK [2][-]{subsection.1.3}{\376\377\116\055\137\303\147\201\226\120\133\232\164\006}{section.1}% 5
\BOOKMARK [0][-]{part.2}{\376\377\173\054\116\214\220\350\122\006\000\040\145\160\164\006\176\337\213\241}{}% 6
\BOOKMARK [1][-]{section.2}{\376\377\176\337\213\241\221\317}{part.2}% 7
\BOOKMARK [2][-]{subsection.2.1}{\376\377\145\340\120\117\117\060\213\241}{section.2}% 8
\BOOKMARK [3][-]{subsubsection.2.1.1}{\376\377\150\067\147\054\145\271\135\356}{subsection.2.1}% 9
\BOOKMARK [2][-]{subsection.2.2}{\376\377\116\011\131\047\122\006\136\003}{section.2}% 10
\BOOKMARK [3][-]{subsubsection.2.2.1}{\376\377\0002\000\040\122\006\136\003}{subsection.2.2}% 11
\BOOKMARK [3][-]{subsubsection.2.2.2}{\376\377\000t\000\040\122\006\136\003\000\050\133\146\165\037\154\017\122\006\136\003\000\051}{subsection.2.2}% 12
\BOOKMARK [3][-]{subsubsection.2.2.3}{\376\377\000F\000\040\122\006\136\003}{subsection.2.2}% 13
\BOOKMARK [2][-]{subsection.2.3}{\376\377\153\143\140\001\140\073\117\123\166\204\142\275\150\067\122\006\136\003}{section.2}% 14
\BOOKMARK [1][-]{section.3}{\376\377\123\302\145\160\117\060\213\241}{part.2}% 15
\BOOKMARK [2][-]{subsection.3.1}{\376\377\160\271\117\060\213\241}{section.3}% 16
\BOOKMARK [3][-]{subsubsection.3.1.1}{\376\377\167\351\117\060\213\241}{subsection.3.1}% 17
\BOOKMARK [3][-]{subsubsection.3.1.2}{\376\377\147\201\131\047\117\074\161\066\117\060\213\241}{subsection.3.1}% 18
\BOOKMARK [2][-]{subsection.3.2}{\376\377\160\271\117\060\213\241\166\204\117\030\202\157\140\047\122\044\145\255\150\007\121\306}{section.3}% 19
\BOOKMARK [3][-]{subsubsection.3.2.1}{\376\377\145\340\120\117\140\047}{subsection.3.2}% 20
\BOOKMARK [3][-]{subsubsection.3.2.2}{\376\377\147\011\145\110\140\047}{subsection.3.2}% 21
\BOOKMARK [3][-]{subsubsection.3.2.3}{\376\377\166\370\124\010\140\047\000\050\116\000\201\364\140\047\000\051}{subsection.3.2}% 22
\BOOKMARK [2][-]{subsection.3.3}{\376\377\123\072\225\364\117\060\213\241}{section.3}% 23
\BOOKMARK [0][-]{part.3}{\376\377\173\054\116\011\220\350\122\006\000\040\145\160\133\146\136\372\152\041}{}% 24
